f:\study\编程\qtvnc\vnc_client _web - copy\vnc_client_web\debug\vc140.pdb
f:\study\编程\qtvnc\vnc_client _web - copy\vnc_client_web\debug\vnc_app.obj
f:\study\编程\qtvnc\vnc_client _web - copy\vnc_client_web\debug\timer.obj
f:\study\编程\qtvnc\vnc_client _web - copy\vnc_client_web\debug\fun.obj
f:\study\编程\qtvnc\vnc_client _web - copy\vnc_client_web\debug\msg_server.obj
f:\study\编程\qtvnc\vnc_client _web - copy\vnc_client_web\debug\main.obj
f:\study\编程\qtvnc\vnc_client _web - copy\vnc_client_web\debug\app.obj
f:\study\编程\qtvnc\vnc_client _web - copy\vnc_client_web\debug\grabber.obj
f:\study\编程\qtvnc\vnc_client _web - copy\vnc_client_web\debug\moc_vnc_app.obj
f:\study\编程\qtvnc\vnc_client _web - copy\vnc_client_web\debug\moc_msg_server.obj
f:\study\编程\qtvnc\vnc_client _web - copy\vnc_client_web\debug\moc_app.obj
f:\study\编程\qtvnc\vnc_client _web - copy\vnc_client_web\debug\encoder.obj
f:\study\编程\qtvnc\vnc_client _web - copy\vnc_client_web\debug\qrc_vnc_client_web.obj
f:\study\编程\qtvnc\vnc_client _web - copy\vnc_client_web\generatedfiles\ui_vnc_client.h
f:\study\编程\qtvnc\vnc_client _web - copy\vnc_client_web\generatedfiles\debug\moc_msg_server.cpp
f:\study\编程\qtvnc\vnc_client _web - copy\vnc_client_web\generatedfiles\debug\moc_app.cpp
f:\study\编程\qtvnc\vnc_client _web - copy\vnc_client_web\generatedfiles\debug\moc_vnc_app.cpp
f:\study\编程\qtvnc\vnc_client _web - copy\vnc_client_web\generatedfiles\qrc_vnc_client_web.cpp
f:\study\编程\qtvnc\vnc_client _web - copy\win32\debug\vnc_client_web.ilk
f:\study\编程\qtvnc\vnc_client _web - copy\win32\debug\vnc_client_web.exe
f:\study\编程\qtvnc\vnc_client _web - copy\win32\debug\vnc_client_web.pdb
f:\study\编程\qtvnc\vnc_client _web - copy\vnc_client_web\debug\logo.res
f:\study\编程\qtvnc\vnc_client _web\vnc_client_web\debug\app.obj
f:\study\编程\qtvnc\vnc_client _web\vnc_client_web\debug\encoder.obj
f:\study\编程\qtvnc\vnc_client _web\vnc_client_web\debug\fun.obj
f:\study\编程\qtvnc\vnc_client _web\vnc_client_web\debug\grabber.obj
f:\study\编程\qtvnc\vnc_client _web\vnc_client_web\debug\main.obj
f:\study\编程\qtvnc\vnc_client _web\vnc_client_web\debug\moc_app.obj
f:\study\编程\qtvnc\vnc_client _web\vnc_client_web\debug\moc_msg_server.obj
f:\study\编程\qtvnc\vnc_client _web\vnc_client_web\debug\moc_vnc_app.obj
f:\study\编程\qtvnc\vnc_client _web\vnc_client_web\debug\msg_server.obj
f:\study\编程\qtvnc\vnc_client _web\vnc_client_web\debug\qrc_vnc_client_web.obj
f:\study\编程\qtvnc\vnc_client _web\vnc_client_web\debug\timer.obj
f:\study\编程\qtvnc\vnc_client _web\vnc_client_web\debug\vnc_app.obj
f:\study\编程\qtvnc\vnc_client _web\vnc_client_web\debug\logo.res
f:\study\编程\qtvnc\vnc_client _web\vnc_client_web\debug\vc140.pdb
f:\study\编程\qtvnc\vnc_client _web\win32\debug\vnc_client_web.pdb
f:\study\编程\qtvnc\vnc_client _web\win32\debug\vnc_client_web.exe
f:\study\编程\qtvnc\vnc_client _web\win32\debug\vnc_client_web.ilk
f:\study\编程\qtvnc\vnc_client _web\vnc_client_web\debug\vnc_client_web.tlog\cl.command.1.tlog
f:\study\编程\qtvnc\vnc_client _web\vnc_client_web\debug\vnc_client_web.tlog\cl.read.1.tlog
f:\study\编程\qtvnc\vnc_client _web\vnc_client_web\debug\vnc_client_web.tlog\cl.write.1.tlog
f:\study\编程\qtvnc\vnc_client _web\vnc_client_web\debug\vnc_client_web.tlog\custombuild.command.1.tlog
f:\study\编程\qtvnc\vnc_client _web\vnc_client_web\debug\vnc_client_web.tlog\custombuild.read.1.tlog
f:\study\编程\qtvnc\vnc_client _web\vnc_client_web\debug\vnc_client_web.tlog\custombuild.write.1.tlog
f:\study\编程\qtvnc\vnc_client _web\vnc_client_web\debug\vnc_client_web.tlog\link.command.1.tlog
f:\study\编程\qtvnc\vnc_client _web\vnc_client_web\debug\vnc_client_web.tlog\link.read.1.tlog
f:\study\编程\qtvnc\vnc_client _web\vnc_client_web\debug\vnc_client_web.tlog\link.write.1.tlog
f:\study\编程\qtvnc\vnc_client _web\vnc_client_web\debug\vnc_client_web.tlog\rc.command.1.tlog
f:\study\编程\qtvnc\vnc_client _web\vnc_client_web\debug\vnc_client_web.tlog\rc.read.1.tlog
f:\study\编程\qtvnc\vnc_client _web\vnc_client_web\debug\vnc_client_web.tlog\rc.write.1.tlog
